<?xml version="1.0"?>
<!DOCTYPE coverage SYSTEM "http://cobertura.sourceforge.net/xml/coverage-04.dtd">

<coverage line-rate="0.0" branch-rate="1.0" lines-covered="0" lines-valid="6" branches-covered="0" branches-valid="0" complexity="1.0" version="2.1.1" timestamp="1426887991775">
	<sources>
		<source>--source</source>
		<source>/home/max/git/conc-java-gh/ingesters/base/src/main/java</source>
	</sources>
	<packages>
		<package name="edu.jhu.hlt.concrete.ingesters.base" line-rate="0.0" branch-rate="1.0" complexity="1.0">
			<classes>
				<class name="edu.jhu.hlt.concrete.ingesters.base.IngestException" filename="edu/jhu/hlt/concrete/ingesters/base/IngestException.java" line-rate="0.0" branch-rate="1.0" complexity="1.0">
					<methods>
						<method name="&lt;init&gt;" signature="(Ljava/lang/String;)V" line-rate="0.0" branch-rate="1.0" complexity="0">
							<lines>
								<line number="19" hits="0" branch="false"/>
								<line number="20" hits="0" branch="false"/>
							</lines>
						</method>
						<method name="&lt;init&gt;" signature="(Ljava/lang/String;Ljava/lang/Throwable;)V" line-rate="0.0" branch-rate="1.0" complexity="0">
							<lines>
								<line number="27" hits="0" branch="false"/>
								<line number="28" hits="0" branch="false"/>
							</lines>
						</method>
						<method name="&lt;init&gt;" signature="(Ljava/lang/Throwable;)V" line-rate="0.0" branch-rate="1.0" complexity="0">
							<lines>
								<line number="34" hits="0" branch="false"/>
								<line number="35" hits="0" branch="false"/>
							</lines>
						</method>
					</methods>
					<lines>
						<line number="19" hits="0" branch="false"/>
						<line number="20" hits="0" branch="false"/>
						<line number="27" hits="0" branch="false"/>
						<line number="28" hits="0" branch="false"/>
						<line number="34" hits="0" branch="false"/>
						<line number="35" hits="0" branch="false"/>
					</lines>
				</class>
				<class name="edu.jhu.hlt.concrete.ingesters.base.Ingester" filename="edu/jhu/hlt/concrete/ingesters/base/Ingester.java" line-rate="1.0" branch-rate="1.0" complexity="1.0">
					<methods>
					</methods>
					<lines>
					</lines>
				</class>
				<class name="edu.jhu.hlt.concrete.ingesters.base.TextIngester" filename="edu/jhu/hlt/concrete/ingesters/base/TextIngester.java" line-rate="1.0" branch-rate="1.0" complexity="1.0">
					<methods>
					</methods>
					<lines>
					</lines>
				</class>
				<class name="edu.jhu.hlt.concrete.ingesters.base.UTF8FileIngester" filename="edu/jhu/hlt/concrete/ingesters/base/UTF8FileIngester.java" line-rate="1.0" branch-rate="1.0" complexity="1.0">
					<methods>
					</methods>
					<lines>
					</lines>
				</class>
			</classes>
		</package>
		<package name="edu.jhu.hlt.concrete.ingesters.base.communications" line-rate="1.0" branch-rate="1.0" complexity="1.0">
			<classes>
				<class name="edu.jhu.hlt.concrete.ingesters.base.communications.Communicationizable" filename="edu/jhu/hlt/concrete/ingesters/base/communications/Communicationizable.java" line-rate="1.0" branch-rate="1.0" complexity="1.0">
					<methods>
					</methods>
					<lines>
					</lines>
				</class>
			</classes>
		</package>
		<package name="edu.jhu.hlt.concrete.ingesters.base.stream" line-rate="1.0" branch-rate="1.0" complexity="1.0">
			<classes>
				<class name="edu.jhu.hlt.concrete.ingesters.base.stream.IteratorBasedStreamIngester" filename="edu/jhu/hlt/concrete/ingesters/base/stream/IteratorBasedStreamIngester.java" line-rate="1.0" branch-rate="1.0" complexity="1.0">
					<methods>
					</methods>
					<lines>
					</lines>
				</class>
				<class name="edu.jhu.hlt.concrete.ingesters.base.stream.StreamBasedStreamIngester" filename="edu/jhu/hlt/concrete/ingesters/base/stream/StreamBasedStreamIngester.java" line-rate="1.0" branch-rate="1.0" complexity="1.0">
					<methods>
					</methods>
					<lines>
					</lines>
				</class>
			</classes>
		</package>
	</packages>
</coverage>
